{"name": "выход из аккаунта", "status": "broken", "statusDetails": {"message": "selenium.common.exceptions.TimeoutException: Message: Can't find element by locator ('xpath', \".//button[text()='Выход']\")", "trace": "self = <test_lk_profile.TestLKProfile object at 0x0521A8D0>, driver = <selenium.webdriver.firefox.webdriver.WebDriver (session=\"c8292ba3-cf81-4be4-9398-0c20a23702da\")>\nsetup_and_teardown = None\n\n>   ???\n\nC:\\Users\\moov\\yandex\\Diplom\\Diplom_тут\\tests\\test_lk_profile.py:44: \n_ _ _ _ _ _ _ _ _ _ _ _ _ _ _ _ _ _ _ _ _ _ _ _ _ _ _ _ _ _ _ _ _ _ _ _ _ _ _ _ _ _ _ _ _ _ _ _ _ _ _ _ _ _ _ _ _ _ _ _ _ _ _ _ _ _ _ _ _ _ _ _ _ _ _ _ _ _ _ _ _ _ _ _ _ _\npages\\user_profile_page.py:26: in click_log_out_button\n    self.find_element(UserProfileLocators.LOGOUT_BUTTON).click()\npages\\base_page.py:17: in find_element\n    message=f\"Can't find element by locator {locator}\")\n_ _ _ _ _ _ _ _ _ _ _ _ _ _ _ _ _ _ _ _ _ _ _ _ _ _ _ _ _ _ _ _ _ _ _ _ _ _ _ _ _ _ _ _ _ _ _ _ _ _ _ _ _ _ _ _ _ _ _ _ _ _ _ _ _ _ _ _ _ _ _ _ _ _ _ _ _ _ _ _ _ _ _ _ _ _\n\nself = <selenium.webdriver.support.wait.WebDriverWait (session=\"c8292ba3-cf81-4be4-9398-0c20a23702da\")>\nmethod = <selenium.webdriver.support.expected_conditions.presence_of_element_located object at 0x06BFA810>\nmessage = 'Can\\'t find element by locator (\\'xpath\\', \".//button[text()=\\'Выход\\']\")'\n\n    def until(self, method, message=''):\n        \"\"\"Calls the method provided with the driver as an argument until the \\\n        return value is not False.\"\"\"\n        screen = None\n        stacktrace = None\n    \n        end_time = time.time() + self._timeout\n        while True:\n            try:\n                value = method(self._driver)\n                if value:\n                    return value\n            except self._ignored_exceptions as exc:\n                screen = getattr(exc, 'screen', None)\n                stacktrace = getattr(exc, 'stacktrace', None)\n            time.sleep(self._poll)\n            if time.time() > end_time:\n                break\n>       raise TimeoutException(message, screen, stacktrace)\nE       selenium.common.exceptions.TimeoutException: Message: Can't find element by locator ('xpath', \".//button[text()='Выход']\")\n\nvenv\\lib\\site-packages\\selenium\\webdriver\\support\\wait.py:80: TimeoutException"}, "description": "выход из аккаунта", "steps": [{"name": "Авторизация", "status": "passed", "steps": [{"name": "Перейти на страницу авторизации по кнопке \"Войти в аккаунт\"", "status": "passed", "start": 1740232006731, "stop": 1740232007046}, {"name": "Заполняем поле \"email\"", "status": "passed", "parameters": [{"name": "user_email", "value": "'jeffreyjohnson@example.com'"}], "start": 1740232007046, "stop": 1740232007132}, {"name": "Заполняем поле \"Пароль\"", "status": "passed", "parameters": [{"name": "user_password", "value": "'#jNfAV&jN6sq'"}], "start": 1740232007132, "stop": 1740232007168}, {"name": "Нажимаем кнопку «Войти»", "status": "passed", "start": 1740232007168, "stop": 1740232007411}], "parameters": [{"name": "user_login", "value": "'jeffreyjohnson@example.com'"}, {"name": "user_password", "value": "'#jNfAV&jN6sq'"}], "start": 1740232006731, "stop": 1740232007411}, {"name": "Перейти в \"ЛК\" по кнопке \"Личный кабинет\"", "status": "passed", "start": 1740232007412, "stop": 1740232010766}, {"name": "Нажимаем кнопку «Выход»", "status": "broken", "statusDetails": {"message": "selenium.common.exceptions.TimeoutException: Message: Can't find element by locator ('xpath', \".//button[text()='Выход']\")\n\n", "trace": "  File \"C:\\Users\\moov\\yandex\\Diplom\\Diplom_3\\venv\\lib\\site-packages\\allure_commons\\_allure.py\", line 192, in impl\n    return func(*a, **kw)\n  File \"C:\\Users\\moov\\yandex\\Diplom\\Diplom_3\\pages\\user_profile_page.py\", line 26, in click_log_out_button\n    self.find_element(UserProfileLocators.LOGOUT_BUTTON).click()\n  File \"C:\\Users\\moov\\yandex\\Diplom\\Diplom_3\\pages\\base_page.py\", line 17, in find_element\n    message=f\"Can't find element by locator {locator}\")\n  File \"C:\\Users\\moov\\yandex\\Diplom\\Diplom_3\\venv\\lib\\site-packages\\selenium\\webdriver\\support\\wait.py\", line 80, in until\n    raise TimeoutException(message, screen, stacktrace)\n"}, "start": 1740232010766, "stop": 1740232031247}], "parameters": [{"name": "driver", "value": "'firefox'"}], "start": 1740232006176, "stop": 1740232031249, "uuid": "4380c4cb-ddcd-4c8c-bd29-ac1bcbadab89", "historyId": "dae7c90595553fd3cf1d1b31118f5337", "testCaseId": "619d657cc188d6cc85f79979e8356d19", "fullName": "tests.test_lk_profile.TestLKProfile#test_logout", "labels": [{"name": "suite", "value": "Личный кабинет "}, {"name": "tag", "value": "@pytest.mark.usefixtures('setup_and_teardown')"}, {"name": "parentSuite", "value": "tests"}, {"name": "subSuite", "value": "TestLKProfile"}, {"name": "host", "value": "LAPTOP-JTVFLPC5"}, {"name": "thread", "value": "24076-MainThread"}, {"name": "framework", "value": "pytest"}, {"name": "language", "value": "cpython3"}, {"name": "package", "value": "tests.test_lk_profile"}]}