{"name": "выход из аккаунта", "status": "broken", "statusDetails": {"message": "selenium.common.exceptions.TimeoutException: Message: Can't find element by locator ('xpath', \".//button[text()='Выход']\")", "trace": "self = <test_lk_profile.TestLKProfile object at 0x0521A890>, driver = <selenium.webdriver.chrome.webdriver.WebDriver (session=\"d50899f9d7fce9e7477413373506a3b6\")>\nsetup_and_teardown = None\n\n>   ???\n\nC:\\Users\\moov\\yandex\\Diplom\\Diplom_тут\\tests\\test_lk_profile.py:44: \n_ _ _ _ _ _ _ _ _ _ _ _ _ _ _ _ _ _ _ _ _ _ _ _ _ _ _ _ _ _ _ _ _ _ _ _ _ _ _ _ _ _ _ _ _ _ _ _ _ _ _ _ _ _ _ _ _ _ _ _ _ _ _ _ _ _ _ _ _ _ _ _ _ _ _ _ _ _ _ _ _ _ _ _ _ _\npages\\user_profile_page.py:26: in click_log_out_button\n    self.find_element(UserProfileLocators.LOGOUT_BUTTON).click()\npages\\base_page.py:17: in find_element\n    message=f\"Can't find element by locator {locator}\")\n_ _ _ _ _ _ _ _ _ _ _ _ _ _ _ _ _ _ _ _ _ _ _ _ _ _ _ _ _ _ _ _ _ _ _ _ _ _ _ _ _ _ _ _ _ _ _ _ _ _ _ _ _ _ _ _ _ _ _ _ _ _ _ _ _ _ _ _ _ _ _ _ _ _ _ _ _ _ _ _ _ _ _ _ _ _\n\nself = <selenium.webdriver.support.wait.WebDriverWait (session=\"d50899f9d7fce9e7477413373506a3b6\")>\nmethod = <selenium.webdriver.support.expected_conditions.presence_of_element_located object at 0x052383D0>\nmessage = 'Can\\'t find element by locator (\\'xpath\\', \".//button[text()=\\'Выход\\']\")'\n\n    def until(self, method, message=''):\n        \"\"\"Calls the method provided with the driver as an argument until the \\\n        return value is not False.\"\"\"\n        screen = None\n        stacktrace = None\n    \n        end_time = time.time() + self._timeout\n        while True:\n            try:\n                value = method(self._driver)\n                if value:\n                    return value\n            except self._ignored_exceptions as exc:\n                screen = getattr(exc, 'screen', None)\n                stacktrace = getattr(exc, 'stacktrace', None)\n            time.sleep(self._poll)\n            if time.time() > end_time:\n                break\n>       raise TimeoutException(message, screen, stacktrace)\nE       selenium.common.exceptions.TimeoutException: Message: Can't find element by locator ('xpath', \".//button[text()='Выход']\")\n\nvenv\\lib\\site-packages\\selenium\\webdriver\\support\\wait.py:80: TimeoutException"}, "description": "выход из аккаунта", "steps": [{"name": "Авторизация", "status": "passed", "steps": [{"name": "Перейти на страницу авторизации по кнопке \"Войти в аккаунт\"", "status": "passed", "start": 1740231958780, "stop": 1740231959019}, {"name": "Заполняем поле \"email\"", "status": "passed", "parameters": [{"name": "user_email", "value": "'jason71@example.net'"}], "start": 1740231959020, "stop": 1740231959272}, {"name": "Заполняем поле \"Пароль\"", "status": "passed", "parameters": [{"name": "user_password", "value": "'^x5TDH*Zz7L2'"}], "start": 1740231959272, "stop": 1740231959443}, {"name": "Нажимаем кнопку «Войти»", "status": "passed", "start": 1740231959443, "stop": 1740231959639}], "parameters": [{"name": "user_login", "value": "'jason71@example.net'"}, {"name": "user_password", "value": "'^x5TDH*Zz7L2'"}], "start": 1740231958780, "stop": 1740231959639}, {"name": "Перейти в \"ЛК\" по кнопке \"Личный кабинет\"", "status": "passed", "start": 1740231959639, "stop": 1740231962976}, {"name": "Нажимаем кнопку «Выход»", "status": "broken", "statusDetails": {"message": "selenium.common.exceptions.TimeoutException: Message: Can't find element by locator ('xpath', \".//button[text()='Выход']\")\n\n", "trace": "  File \"C:\\Users\\moov\\yandex\\Diplom\\Diplom_3\\venv\\lib\\site-packages\\allure_commons\\_allure.py\", line 192, in impl\n    return func(*a, **kw)\n  File \"C:\\Users\\moov\\yandex\\Diplom\\Diplom_3\\pages\\user_profile_page.py\", line 26, in click_log_out_button\n    self.find_element(UserProfileLocators.LOGOUT_BUTTON).click()\n  File \"C:\\Users\\moov\\yandex\\Diplom\\Diplom_3\\pages\\base_page.py\", line 17, in find_element\n    message=f\"Can't find element by locator {locator}\")\n  File \"C:\\Users\\moov\\yandex\\Diplom\\Diplom_3\\venv\\lib\\site-packages\\selenium\\webdriver\\support\\wait.py\", line 80, in until\n    raise TimeoutException(message, screen, stacktrace)\n"}, "start": 1740231962977, "stop": 1740231983265}], "parameters": [{"name": "driver", "value": "'chrome'"}], "start": 1740231958215, "stop": 1740231983265, "uuid": "c44694d2-be83-4740-bafd-baef273a8660", "historyId": "8eec647fd3327dca8fb5c49ec4f01b35", "testCaseId": "619d657cc188d6cc85f79979e8356d19", "fullName": "tests.test_lk_profile.TestLKProfile#test_logout", "labels": [{"name": "suite", "value": "Личный кабинет "}, {"name": "tag", "value": "@pytest.mark.usefixtures('setup_and_teardown')"}, {"name": "parentSuite", "value": "tests"}, {"name": "subSuite", "value": "TestLKProfile"}, {"name": "host", "value": "LAPTOP-JTVFLPC5"}, {"name": "thread", "value": "24076-MainThread"}, {"name": "framework", "value": "pytest"}, {"name": "language", "value": "cpython3"}, {"name": "package", "value": "tests.test_lk_profile"}]}