{"name": "переход в раздел «История заказов»", "status": "broken", "statusDetails": {"message": "selenium.common.exceptions.TimeoutException: Message:", "trace": "self = <test_lk_profile.TestLKProfile object at 0x042A4E70>, driver = <selenium.webdriver.chrome.webdriver.WebDriver (session=\"37dd2842bab39f83d5ec9125c7b3afbd\")>\nsetup_and_teardown = None\n\n>   ???\n\nC:\\Users\\moov\\yandex\\Diplom\\Diplom_тут\\tests\\test_lk_profile.py:32: \n_ _ _ _ _ _ _ _ _ _ _ _ _ _ _ _ _ _ _ _ _ _ _ _ _ _ _ _ _ _ _ _ _ _ _ _ _ _ _ _ _ _ _ _ _ _ _ _ _ _ _ _ _ _ _ _ _ _ _ _ _ _ _ _ _ _ _ _ _ _ _ _ _ _ _ _ _ _ _ _ _ _ _ _ _ _\npages\\user_profile_page.py:16: in click_order_history_button\n    self.wait_clickable(UserProfileLocators.ORDER_HISTORY_BUTTON)\npages\\base_page.py:28: in wait_clickable\n    WebDriverWait(self.driver, 3).until(ec.element_to_be_clickable(locator))\n_ _ _ _ _ _ _ _ _ _ _ _ _ _ _ _ _ _ _ _ _ _ _ _ _ _ _ _ _ _ _ _ _ _ _ _ _ _ _ _ _ _ _ _ _ _ _ _ _ _ _ _ _ _ _ _ _ _ _ _ _ _ _ _ _ _ _ _ _ _ _ _ _ _ _ _ _ _ _ _ _ _ _ _ _ _\n\nself = <selenium.webdriver.support.wait.WebDriverWait (session=\"37dd2842bab39f83d5ec9125c7b3afbd\")>\nmethod = <selenium.webdriver.support.expected_conditions.element_to_be_clickable object at 0x00D5A3D0>, message = ''\n\n    def until(self, method, message=''):\n        \"\"\"Calls the method provided with the driver as an argument until the \\\n        return value is not False.\"\"\"\n        screen = None\n        stacktrace = None\n    \n        end_time = time.time() + self._timeout\n        while True:\n            try:\n                value = method(self._driver)\n                if value:\n                    return value\n            except self._ignored_exceptions as exc:\n                screen = getattr(exc, 'screen', None)\n                stacktrace = getattr(exc, 'stacktrace', None)\n            time.sleep(self._poll)\n            if time.time() > end_time:\n                break\n>       raise TimeoutException(message, screen, stacktrace)\nE       selenium.common.exceptions.TimeoutException: Message:\n\nvenv\\lib\\site-packages\\selenium\\webdriver\\support\\wait.py:80: TimeoutException"}, "steps": [{"name": "Авторизация", "status": "passed", "steps": [{"name": "Перейти на страницу авторизации по кнопке \"Войти в аккаунт\"", "status": "passed", "start": 1740233883916, "stop": 1740233884086}, {"name": "Заполняем поле \"email\"", "status": "passed", "parameters": [{"name": "user_email", "value": "'gevans@example.org'"}], "start": 1740233884086, "stop": 1740233884210}, {"name": "Заполняем поле \"Пароль\"", "status": "passed", "parameters": [{"name": "user_password", "value": "'$as&YRg+h4MV'"}], "start": 1740233884210, "stop": 1740233884289}, {"name": "Нажимаем кнопку «Войти»", "status": "passed", "start": 1740233884289, "stop": 1740233884381}], "parameters": [{"name": "user_login", "value": "'gevans@example.org'"}, {"name": "user_password", "value": "'$as&YRg+h4MV'"}], "start": 1740233883916, "stop": 1740233884381}, {"name": "Перейти в \"ЛК\" по кнопке \"Личный кабинет\"", "status": "passed", "start": 1740233884381, "stop": 1740233887717}, {"name": "Нажимаем кнопку «История заказов»", "status": "broken", "statusDetails": {"message": "selenium.common.exceptions.TimeoutException: Message: \n\n", "trace": "  File \"C:\\Users\\moov\\yandex\\Diplom\\Diplom_3\\venv\\lib\\site-packages\\allure_commons\\_allure.py\", line 192, in impl\n    return func(*a, **kw)\n  File \"C:\\Users\\moov\\yandex\\Diplom\\Diplom_3\\pages\\user_profile_page.py\", line 16, in click_order_history_button\n    self.wait_clickable(UserProfileLocators.ORDER_HISTORY_BUTTON)\n  File \"C:\\Users\\moov\\yandex\\Diplom\\Diplom_3\\venv\\lib\\site-packages\\allure_commons\\_allure.py\", line 192, in impl\n    return func(*a, **kw)\n  File \"C:\\Users\\moov\\yandex\\Diplom\\Diplom_3\\pages\\base_page.py\", line 28, in wait_clickable\n    WebDriverWait(self.driver, 3).until(ec.element_to_be_clickable(locator))\n  File \"C:\\Users\\moov\\yandex\\Diplom\\Diplom_3\\venv\\lib\\site-packages\\selenium\\webdriver\\support\\wait.py\", line 80, in until\n    raise TimeoutException(message, screen, stacktrace)\n"}, "steps": [{"name": "Ждем элемент", "status": "broken", "statusDetails": {"message": "selenium.common.exceptions.TimeoutException: Message: \n\n", "trace": "  File \"C:\\Users\\moov\\yandex\\Diplom\\Diplom_3\\venv\\lib\\site-packages\\allure_commons\\_allure.py\", line 192, in impl\n    return func(*a, **kw)\n  File \"C:\\Users\\moov\\yandex\\Diplom\\Diplom_3\\pages\\base_page.py\", line 28, in wait_clickable\n    WebDriverWait(self.driver, 3).until(ec.element_to_be_clickable(locator))\n  File \"C:\\Users\\moov\\yandex\\Diplom\\Diplom_3\\venv\\lib\\site-packages\\selenium\\webdriver\\support\\wait.py\", line 80, in until\n    raise TimeoutException(message, screen, stacktrace)\n"}, "parameters": [{"name": "locator", "value": "('link text', 'История заказов')"}], "start": 1740233887717, "stop": 1740233890967}], "start": 1740233887717, "stop": 1740233890968}], "parameters": [{"name": "driver", "value": "'chrome'"}], "start": 1740233883129, "stop": 1740233890970, "uuid": "0b426fed-8e64-4c92-a89f-174f4ba095aa", "historyId": "d752768cf4e07b845eaf4f45104475ba", "testCaseId": "a0919c9e7aa4dd1afbe6888a0919c197", "fullName": "tests.test_lk_profile.TestLKProfile#test_go_to_order_history", "labels": [{"name": "suite", "value": "Личный кабинет "}, {"name": "tag", "value": "@pytest.mark.usefixtures('setup_and_teardown')"}, {"name": "parentSuite", "value": "tests"}, {"name": "subSuite", "value": "TestLKProfile"}, {"name": "host", "value": "LAPTOP-JTVFLPC5"}, {"name": "thread", "value": "11528-MainThread"}, {"name": "framework", "value": "pytest"}, {"name": "language", "value": "cpython3"}, {"name": "package", "value": "tests.test_lk_profile"}]}