{"name": "выход из аккаунта", "status": "broken", "statusDetails": {"message": "selenium.common.exceptions.TimeoutException: Message: Can't find element by locator ('xpath', \".//button[text()='Выход']\")", "trace": "self = <test_lk_profile.TestLKProfile object at 0x042A4F30>, driver = <selenium.webdriver.chrome.webdriver.WebDriver (session=\"c5c5354e53a377d17a95b0b40cface4d\")>\nsetup_and_teardown = None\n\n>   ???\n\nC:\\Users\\moov\\yandex\\Diplom\\Diplom_тут\\tests\\test_lk_profile.py:44: \n_ _ _ _ _ _ _ _ _ _ _ _ _ _ _ _ _ _ _ _ _ _ _ _ _ _ _ _ _ _ _ _ _ _ _ _ _ _ _ _ _ _ _ _ _ _ _ _ _ _ _ _ _ _ _ _ _ _ _ _ _ _ _ _ _ _ _ _ _ _ _ _ _ _ _ _ _ _ _ _ _ _ _ _ _ _\npages\\user_profile_page.py:26: in click_log_out_button\n    self.find_element(UserProfileLocators.LOGOUT_BUTTON).click()\npages\\base_page.py:17: in find_element\n    message=f\"Can't find element by locator {locator}\")\n_ _ _ _ _ _ _ _ _ _ _ _ _ _ _ _ _ _ _ _ _ _ _ _ _ _ _ _ _ _ _ _ _ _ _ _ _ _ _ _ _ _ _ _ _ _ _ _ _ _ _ _ _ _ _ _ _ _ _ _ _ _ _ _ _ _ _ _ _ _ _ _ _ _ _ _ _ _ _ _ _ _ _ _ _ _\n\nself = <selenium.webdriver.support.wait.WebDriverWait (session=\"c5c5354e53a377d17a95b0b40cface4d\")>\nmethod = <selenium.webdriver.support.expected_conditions.presence_of_element_located object at 0x00D38150>\nmessage = 'Can\\'t find element by locator (\\'xpath\\', \".//button[text()=\\'Выход\\']\")'\n\n    def until(self, method, message=''):\n        \"\"\"Calls the method provided with the driver as an argument until the \\\n        return value is not False.\"\"\"\n        screen = None\n        stacktrace = None\n    \n        end_time = time.time() + self._timeout\n        while True:\n            try:\n                value = method(self._driver)\n                if value:\n                    return value\n            except self._ignored_exceptions as exc:\n                screen = getattr(exc, 'screen', None)\n                stacktrace = getattr(exc, 'stacktrace', None)\n            time.sleep(self._poll)\n            if time.time() > end_time:\n                break\n>       raise TimeoutException(message, screen, stacktrace)\nE       selenium.common.exceptions.TimeoutException: Message: Can't find element by locator ('xpath', \".//button[text()='Выход']\")\n\nvenv\\lib\\site-packages\\selenium\\webdriver\\support\\wait.py:80: TimeoutException"}, "description": "выход из аккаунта", "steps": [{"name": "Авторизация", "status": "passed", "steps": [{"name": "Перейти на страницу авторизации по кнопке \"Войти в аккаунт\"", "status": "passed", "start": 1740233922918, "stop": 1740233923070}, {"name": "Заполняем поле \"email\"", "status": "passed", "parameters": [{"name": "user_email", "value": "'robert97@example.org'"}], "start": 1740233923070, "stop": 1740233923191}, {"name": "Заполняем поле \"Пароль\"", "status": "passed", "parameters": [{"name": "user_password", "value": "'E$zS)jaJ+3a2'"}], "start": 1740233923192, "stop": 1740233923300}, {"name": "Нажимаем кнопку «Войти»", "status": "passed", "start": 1740233923300, "stop": 1740233923411}], "parameters": [{"name": "user_login", "value": "'robert97@example.org'"}, {"name": "user_password", "value": "'E$zS)jaJ+3a2'"}], "start": 1740233922917, "stop": 1740233923411}, {"name": "Перейти в \"ЛК\" по кнопке \"Личный кабинет\"", "status": "passed", "start": 1740233923411, "stop": 1740233926752}, {"name": "Нажимаем кнопку «Выход»", "status": "broken", "statusDetails": {"message": "selenium.common.exceptions.TimeoutException: Message: Can't find element by locator ('xpath', \".//button[text()='Выход']\")\n\n", "trace": "  File \"C:\\Users\\moov\\yandex\\Diplom\\Diplom_3\\venv\\lib\\site-packages\\allure_commons\\_allure.py\", line 192, in impl\n    return func(*a, **kw)\n  File \"C:\\Users\\moov\\yandex\\Diplom\\Diplom_3\\pages\\user_profile_page.py\", line 26, in click_log_out_button\n    self.find_element(UserProfileLocators.LOGOUT_BUTTON).click()\n  File \"C:\\Users\\moov\\yandex\\Diplom\\Diplom_3\\pages\\base_page.py\", line 17, in find_element\n    message=f\"Can't find element by locator {locator}\")\n  File \"C:\\Users\\moov\\yandex\\Diplom\\Diplom_3\\venv\\lib\\site-packages\\selenium\\webdriver\\support\\wait.py\", line 80, in until\n    raise TimeoutException(message, screen, stacktrace)\n"}, "start": 1740233926752, "stop": 1740233947245}], "parameters": [{"name": "driver", "value": "'chrome'"}], "start": 1740233922128, "stop": 1740233947245, "uuid": "06812486-53b3-4278-a7e8-ed819c8c5abd", "historyId": "8eec647fd3327dca8fb5c49ec4f01b35", "testCaseId": "619d657cc188d6cc85f79979e8356d19", "fullName": "tests.test_lk_profile.TestLKProfile#test_logout", "labels": [{"name": "suite", "value": "Личный кабинет "}, {"name": "tag", "value": "@pytest.mark.usefixtures('setup_and_teardown')"}, {"name": "parentSuite", "value": "tests"}, {"name": "subSuite", "value": "TestLKProfile"}, {"name": "host", "value": "LAPTOP-JTVFLPC5"}, {"name": "thread", "value": "11528-MainThread"}, {"name": "framework", "value": "pytest"}, {"name": "language", "value": "cpython3"}, {"name": "package", "value": "tests.test_lk_profile"}]}